2020-12-20 16:52:43,661:INFO:PyCaret Supervised Module
2020-12-20 16:52:43,662:INFO:ML Usecase: clustering
2020-12-20 16:52:43,663:INFO:version 2.2.2
2020-12-20 16:52:43,665:INFO:Initializing setup()
2020-12-20 16:52:43,666:INFO:setup(target=None, ml_usecase=clustering, available_plots={'cluster': 'Cluster PCA Plot (2d)', 'tsne': 'Cluster TSnE (3d)', 'elbow': 'Elbow', 'silhouette': 'Silhouette', 'distance': 'Distance', 'distribution': 'Distribution'}, train_size=0.7, test_data=None, preprocess=True, imputation_type=simple, iterative_imputation_iters=5, categorical_features=None, categorical_imputation=mode, categorical_iterative_imputer=lightgbm, ordinal_features=None, high_cardinality_features=None, high_cardinality_method=frequency, numeric_features=None, numeric_imputation=mean, numeric_iterative_imputer=lightgbm, date_features=None, ignore_features=['MouseID'], normalize=True, normalize_method=zscore, transformation=False, transformation_method=yeo-johnson, handle_unknown_categorical=True, unknown_categorical_method=least_frequent, pca=False, pca_method=linear, pca_components=None, ignore_low_variance=False, combine_rare_levels=False, rare_level_threshold=0.1, bin_numeric_features=None, remove_outliers=False, outliers_threshold=0.05, remove_multicollinearity=False, multicollinearity_threshold=0.9, remove_perfect_collinearity=False, create_clusters=False, cluster_iter=20, polynomial_features=False, polynomial_degree=2, trigonometry_features=False, polynomial_threshold=0.1, group_features=None, group_names=None, feature_selection=False, feature_selection_threshold=0.8, feature_selection_method=classic, feature_interaction=False, feature_ratio=False, interaction_threshold=0.01, fix_imbalance=False, fix_imbalance_method=None, transform_target=False, transform_target_method=box-cox, data_split_shuffle=False, data_split_stratify=False, fold_strategy=kfold, fold=10, fold_shuffle=False, fold_groups=None, n_jobs=-1, use_gpu=False, custom_pipeline=None, html=True, session_id=123, log_experiment=False, experiment_name=None, log_plots=False, log_profile=False, log_data=False, silent=False, verbose=True, profile=False, profile_kwargs=None, display=None)
2020-12-20 16:52:43,667:INFO:Checking environment
2020-12-20 16:52:43,668:INFO:python_version: 3.7.9
2020-12-20 16:52:43,669:INFO:python_build: ('default', 'Dec 11 2020 14:53:17')
2020-12-20 16:52:43,671:INFO:machine: x86_64
2020-12-20 16:52:43,673:INFO:platform: Linux-4.19.121-linuxkit-x86_64-with-debian-10.7
2020-12-20 16:52:43,675:WARNING:cannot find psutil installation. memory not traceable. Install psutil using pip to enable memory logging.
2020-12-20 16:52:43,676:INFO:Checking libraries
2020-12-20 16:52:43,676:INFO:pd==1.1.5
2020-12-20 16:52:43,677:INFO:numpy==1.19.4
2020-12-20 16:52:43,678:INFO:sklearn==0.23.2
2020-12-20 16:52:43,679:INFO:xgboost==1.3.0
2020-12-20 16:52:43,680:INFO:lightgbm==3.1.1
2020-12-20 16:52:43,772:INFO:catboost==0.24.3
2020-12-20 16:52:44,327:INFO:mlflow==1.12.1
2020-12-20 16:52:44,329:INFO:Checking Exceptions
2020-12-20 16:55:05,127:INFO:PyCaret Supervised Module
2020-12-20 16:55:05,129:INFO:ML Usecase: clustering
2020-12-20 16:55:05,130:INFO:version 2.2.2
2020-12-20 16:55:05,131:INFO:Initializing setup()
2020-12-20 16:55:05,131:INFO:setup(target=None, ml_usecase=clustering, available_plots={'cluster': 'Cluster PCA Plot (2d)', 'tsne': 'Cluster TSnE (3d)', 'elbow': 'Elbow', 'silhouette': 'Silhouette', 'distance': 'Distance', 'distribution': 'Distribution'}, train_size=0.7, test_data=None, preprocess=True, imputation_type=simple, iterative_imputation_iters=5, categorical_features=None, categorical_imputation=mode, categorical_iterative_imputer=lightgbm, ordinal_features=None, high_cardinality_features=None, high_cardinality_method=frequency, numeric_features=None, numeric_imputation=mean, numeric_iterative_imputer=lightgbm, date_features=None, ignore_features=None, normalize=True, normalize_method=zscore, transformation=False, transformation_method=yeo-johnson, handle_unknown_categorical=True, unknown_categorical_method=least_frequent, pca=False, pca_method=linear, pca_components=None, ignore_low_variance=False, combine_rare_levels=False, rare_level_threshold=0.1, bin_numeric_features=None, remove_outliers=False, outliers_threshold=0.05, remove_multicollinearity=False, multicollinearity_threshold=0.9, remove_perfect_collinearity=False, create_clusters=False, cluster_iter=20, polynomial_features=False, polynomial_degree=2, trigonometry_features=False, polynomial_threshold=0.1, group_features=None, group_names=None, feature_selection=False, feature_selection_threshold=0.8, feature_selection_method=classic, feature_interaction=False, feature_ratio=False, interaction_threshold=0.01, fix_imbalance=False, fix_imbalance_method=None, transform_target=False, transform_target_method=box-cox, data_split_shuffle=False, data_split_stratify=False, fold_strategy=kfold, fold=10, fold_shuffle=False, fold_groups=None, n_jobs=-1, use_gpu=False, custom_pipeline=None, html=True, session_id=123, log_experiment=False, experiment_name=None, log_plots=False, log_profile=False, log_data=False, silent=False, verbose=True, profile=False, profile_kwargs=None, display=None)
2020-12-20 16:55:05,132:INFO:Checking environment
2020-12-20 16:55:05,133:INFO:python_version: 3.7.9
2020-12-20 16:55:05,134:INFO:python_build: ('default', 'Dec 11 2020 14:53:17')
2020-12-20 16:55:05,135:INFO:machine: x86_64
2020-12-20 16:55:05,135:INFO:platform: Linux-4.19.121-linuxkit-x86_64-with-debian-10.7
2020-12-20 16:55:05,136:WARNING:cannot find psutil installation. memory not traceable. Install psutil using pip to enable memory logging.
2020-12-20 16:55:05,137:INFO:Checking libraries
2020-12-20 16:55:05,138:INFO:pd==1.1.5
2020-12-20 16:55:05,139:INFO:numpy==1.19.4
2020-12-20 16:55:05,139:INFO:sklearn==0.23.2
2020-12-20 16:55:05,140:INFO:xgboost==1.3.0
2020-12-20 16:55:05,141:INFO:lightgbm==3.1.1
2020-12-20 16:55:05,141:INFO:catboost==0.24.3
2020-12-20 16:55:05,142:INFO:mlflow==1.12.1
2020-12-20 16:55:05,143:INFO:Checking Exceptions
2020-12-20 16:55:05,144:INFO:Declaring global variables
2020-12-20 16:55:05,145:INFO:USI: d992
2020-12-20 16:55:05,145:INFO:pycaret_globals: {'fix_imbalance_method_param', '_all_models', 'iterative_imputation_iters_param', '_all_models_internal', '_available_plots', 'pycaret_globals', 'html_param', 'transform_target_method_param', 'display_container', 'log_plots_param', '_internal_pipeline', 'master_model_container', 'fix_imbalance_param', 'data_before_preprocess', 'logging_param', 'fold_shuffle_param', 'seed', 'USI', '_ml_usecase', 'fold_param', 'gpu_param', 'transform_target_param', 'prep_pipe', 'n_jobs_param', 'exp_name_log', 'imputation_regressor', 'stratify_param', 'X', 'imputation_classifier', 'experiment__', 'target_param', 'fold_groups_param', '_gpu_n_jobs_param', 'fold_generator', 'create_model_container', '_all_metrics'}
2020-12-20 16:55:05,146:INFO:Preparing display monitor
2020-12-20 16:55:05,147:INFO:Preparing display monitor
2020-12-20 16:55:05,168:INFO:Importing libraries
2020-12-20 16:55:05,170:INFO:Copying data for preprocessing
2020-12-20 16:55:05,196:INFO:Declaring preprocessing parameters
2020-12-20 16:55:05,300:INFO:Creating preprocessing pipeline
2020-12-20 16:55:05,538:INFO:Preprocessing pipeline created successfully
2020-12-20 16:55:05,540:ERROR:(Process Exit): setup has been interupted with user command 'quit'. setup must rerun.
2020-12-20 16:55:05,540:INFO:Creating global containers
2020-12-20 16:55:05,542:INFO:Internal pipeline: Pipeline(memory=None, steps=[('empty_step', 'passthrough')], verbose=False)
2020-12-20 16:59:07,903:INFO:Creating grid variables
2020-12-20 16:59:07,943:INFO:create_model_container: 0
2020-12-20 16:59:07,944:INFO:master_model_container: 0
2020-12-20 16:59:07,945:INFO:display_container: 0
2020-12-20 16:59:07,953:INFO:Pipeline(memory=None,
         steps=[('dtypes',
                 DataTypes_Auto_infer(categorical_features=[],
                                      display_types=True, features_todrop=[],
                                      id_columns=[],
                                      ml_usecase='classification',
                                      numerical_features=[],
                                      target='UNSUPERVISED_DUMMY_TARGET',
                                      time_features=[])),
                ('imputer',
                 Simple_Imputer(categorical_strategy='most frequent',
                                fill_value_categorical=None,
                                fill_value_numerical=...
                ('P_transform', 'passthrough'), ('binn', 'passthrough'),
                ('rem_outliers', 'passthrough'), ('cluster_all', 'passthrough'),
                ('dummy', Dummify(target='UNSUPERVISED_DUMMY_TARGET')),
                ('fix_perfect', 'passthrough'),
                ('clean_names', Clean_Colum_Names()),
                ('feature_select', 'passthrough'), ('fix_multi', 'passthrough'),
                ('dfs', 'passthrough'), ('pca', 'passthrough')],
         verbose=False)
2020-12-20 16:59:07,954:INFO:setup() succesfully completed......................................
2020-12-20 20:58:25,542:INFO:PyCaret Supervised Module
2020-12-20 20:58:25,543:INFO:ML Usecase: regression
2020-12-20 20:58:25,545:INFO:version 2.2.2
2020-12-20 20:58:25,546:INFO:Initializing setup()
2020-12-20 20:58:25,546:INFO:setup(target=event__offer completed, ml_usecase=regression, available_plots={'parameter': 'Hyperparameters', 'residuals': 'Residuals', 'error': 'Prediction Error', 'cooks': 'Cooks Distance', 'rfe': 'Feature Selection', 'learning': 'Learning Curve', 'manifold': 'Manifold Learning', 'vc': 'Validation Curve', 'feature': 'Feature Importance', 'feature_all': 'Feature Importance (All)', 'tree': 'Decision Tree'}, train_size=0.7, test_data=None, preprocess=True, imputation_type=simple, iterative_imputation_iters=5, categorical_features=None, categorical_imputation=constant, categorical_iterative_imputer=lightgbm, ordinal_features=None, high_cardinality_features=None, high_cardinality_method=frequency, numeric_features=None, numeric_imputation=mean, numeric_iterative_imputer=lightgbm, date_features=None, ignore_features=None, normalize=False, normalize_method=zscore, transformation=False, transformation_method=yeo-johnson, handle_unknown_categorical=True, unknown_categorical_method=least_frequent, pca=False, pca_method=linear, pca_components=None, ignore_low_variance=False, combine_rare_levels=False, rare_level_threshold=0.1, bin_numeric_features=None, remove_outliers=False, outliers_threshold=0.05, remove_multicollinearity=False, multicollinearity_threshold=0.9, remove_perfect_collinearity=True, create_clusters=False, cluster_iter=20, polynomial_features=False, polynomial_degree=2, trigonometry_features=False, polynomial_threshold=0.1, group_features=None, group_names=None, feature_selection=True, feature_selection_threshold=0.8, feature_selection_method=classic, feature_interaction=False, feature_ratio=False, interaction_threshold=0.01, fix_imbalance=False, fix_imbalance_method=None, transform_target=False, transform_target_method=box-cox, data_split_shuffle=True, data_split_stratify=False, fold_strategy=kfold, fold=10, fold_shuffle=False, fold_groups=None, n_jobs=-1, use_gpu=False, custom_pipeline=None, html=True, session_id=None, log_experiment=False, experiment_name=None, log_plots=False, log_profile=False, log_data=False, silent=False, verbose=True, profile=False, profile_kwargs=None, display=None)
2020-12-20 20:58:25,547:INFO:Checking environment
2020-12-20 20:58:25,548:INFO:python_version: 3.7.9
2020-12-20 20:58:25,549:INFO:python_build: ('default', 'Dec 11 2020 14:53:17')
2020-12-20 20:58:25,550:INFO:machine: x86_64
2020-12-20 20:58:25,551:INFO:platform: Linux-4.19.121-linuxkit-x86_64-with-debian-10.7
2020-12-20 20:58:25,552:WARNING:cannot find psutil installation. memory not traceable. Install psutil using pip to enable memory logging.
2020-12-20 20:58:25,553:INFO:Checking libraries
2020-12-20 20:58:25,554:INFO:pd==1.1.5
2020-12-20 20:58:25,555:INFO:numpy==1.19.4
2020-12-20 20:58:25,556:INFO:sklearn==0.23.2
2020-12-20 20:58:25,557:INFO:xgboost==1.3.0
2020-12-20 20:58:25,558:INFO:lightgbm==3.1.1
2020-12-20 20:58:25,559:INFO:catboost==0.24.3
2020-12-20 20:58:25,560:INFO:mlflow==1.12.1
2020-12-20 20:58:25,561:INFO:Checking Exceptions
2020-12-20 20:58:25,561:INFO:Declaring global variables
2020-12-20 20:58:25,562:INFO:USI: 8c54
2020-12-20 20:58:25,563:INFO:pycaret_globals: {'fix_imbalance_method_param', '_all_models', 'iterative_imputation_iters_param', '_all_models_internal', 'y', 'X_test', '_available_plots', 'pycaret_globals', 'html_param', 'transform_target_method_param', 'display_container', 'log_plots_param', '_internal_pipeline', 'master_model_container', 'fix_imbalance_param', 'data_before_preprocess', 'logging_param', 'fold_shuffle_param', 'seed', 'USI', '_ml_usecase', 'fold_param', 'gpu_param', 'transform_target_param', 'y_test', 'prep_pipe', 'n_jobs_param', 'exp_name_log', 'imputation_regressor', 'stratify_param', 'X_train', 'X', 'imputation_classifier', 'y_train', 'experiment__', 'target_param', 'fold_groups_param', '_gpu_n_jobs_param', 'fold_generator', 'create_model_container', '_all_metrics'}
2020-12-20 20:58:25,564:INFO:Preparing display monitor
2020-12-20 20:58:25,565:INFO:Preparing display monitor
2020-12-20 20:58:25,586:INFO:Importing libraries
2020-12-20 20:58:25,588:INFO:Copying data for preprocessing
2020-12-20 20:58:25,608:INFO:Declaring preprocessing parameters
2020-12-20 20:58:25,619:INFO:Creating preprocessing pipeline
2020-12-20 20:58:25,818:INFO:Preprocessing pipeline created successfully
2020-12-20 20:58:25,819:ERROR:(Process Exit): setup has been interupted with user command 'quit'. setup must rerun.
2020-12-20 20:58:25,820:INFO:Creating global containers
2020-12-20 20:58:25,821:INFO:Internal pipeline: Pipeline(memory=None, steps=[('empty_step', 'passthrough')], verbose=False)
2020-12-20 21:00:19,007:INFO:PyCaret Supervised Module
2020-12-20 21:00:19,008:INFO:ML Usecase: regression
2020-12-20 21:00:19,009:INFO:version 2.2.2
2020-12-20 21:00:19,011:INFO:Initializing setup()
2020-12-20 21:00:19,012:INFO:setup(target=event__offer completed, ml_usecase=regression, available_plots={'parameter': 'Hyperparameters', 'residuals': 'Residuals', 'error': 'Prediction Error', 'cooks': 'Cooks Distance', 'rfe': 'Feature Selection', 'learning': 'Learning Curve', 'manifold': 'Manifold Learning', 'vc': 'Validation Curve', 'feature': 'Feature Importance', 'feature_all': 'Feature Importance (All)', 'tree': 'Decision Tree'}, train_size=0.7, test_data=None, preprocess=True, imputation_type=simple, iterative_imputation_iters=5, categorical_features=None, categorical_imputation=constant, categorical_iterative_imputer=lightgbm, ordinal_features=None, high_cardinality_features=None, high_cardinality_method=frequency, numeric_features=None, numeric_imputation=mean, numeric_iterative_imputer=lightgbm, date_features=None, ignore_features=None, normalize=False, normalize_method=zscore, transformation=False, transformation_method=yeo-johnson, handle_unknown_categorical=True, unknown_categorical_method=least_frequent, pca=False, pca_method=linear, pca_components=None, ignore_low_variance=False, combine_rare_levels=False, rare_level_threshold=0.1, bin_numeric_features=None, remove_outliers=False, outliers_threshold=0.05, remove_multicollinearity=False, multicollinearity_threshold=0.9, remove_perfect_collinearity=True, create_clusters=False, cluster_iter=20, polynomial_features=False, polynomial_degree=2, trigonometry_features=False, polynomial_threshold=0.1, group_features=None, group_names=None, feature_selection=True, feature_selection_threshold=0.8, feature_selection_method=classic, feature_interaction=False, feature_ratio=False, interaction_threshold=0.01, fix_imbalance=False, fix_imbalance_method=None, transform_target=False, transform_target_method=box-cox, data_split_shuffle=True, data_split_stratify=False, fold_strategy=kfold, fold=10, fold_shuffle=False, fold_groups=None, n_jobs=-1, use_gpu=False, custom_pipeline=None, html=True, session_id=None, log_experiment=False, experiment_name=None, log_plots=False, log_profile=False, log_data=False, silent=False, verbose=True, profile=False, profile_kwargs=None, display=None)
2020-12-20 21:00:19,013:INFO:Checking environment
2020-12-20 21:00:19,015:INFO:python_version: 3.7.9
2020-12-20 21:00:19,016:INFO:python_build: ('default', 'Dec 11 2020 14:53:17')
2020-12-20 21:00:19,017:INFO:machine: x86_64
2020-12-20 21:00:19,018:INFO:platform: Linux-4.19.121-linuxkit-x86_64-with-debian-10.7
2020-12-20 21:00:19,022:WARNING:cannot find psutil installation. memory not traceable. Install psutil using pip to enable memory logging.
2020-12-20 21:00:19,023:INFO:Checking libraries
2020-12-20 21:00:19,024:INFO:pd==1.1.5
2020-12-20 21:00:19,025:INFO:numpy==1.19.4
2020-12-20 21:00:19,026:INFO:sklearn==0.23.2
2020-12-20 21:00:19,027:INFO:xgboost==1.3.0
2020-12-20 21:00:19,028:INFO:lightgbm==3.1.1
2020-12-20 21:00:19,029:INFO:catboost==0.24.3
2020-12-20 21:00:19,030:INFO:mlflow==1.12.1
2020-12-20 21:00:19,031:INFO:Checking Exceptions
2020-12-20 21:00:19,032:INFO:Declaring global variables
2020-12-20 21:00:19,033:INFO:USI: c796
2020-12-20 21:00:19,034:INFO:pycaret_globals: {'fix_imbalance_method_param', '_all_models', 'iterative_imputation_iters_param', '_all_models_internal', 'y', 'X_test', '_available_plots', 'pycaret_globals', 'html_param', 'transform_target_method_param', 'display_container', 'log_plots_param', '_internal_pipeline', 'master_model_container', 'fix_imbalance_param', 'data_before_preprocess', 'logging_param', 'fold_shuffle_param', 'seed', 'USI', '_ml_usecase', 'fold_param', 'gpu_param', 'transform_target_param', 'y_test', 'prep_pipe', 'n_jobs_param', 'exp_name_log', 'imputation_regressor', 'stratify_param', 'X_train', 'X', 'imputation_classifier', 'y_train', 'experiment__', 'target_param', 'fold_groups_param', '_gpu_n_jobs_param', 'fold_generator', 'create_model_container', '_all_metrics'}
2020-12-20 21:00:19,035:INFO:Preparing display monitor
2020-12-20 21:00:19,036:INFO:Preparing display monitor
2020-12-20 21:00:19,056:INFO:Importing libraries
2020-12-20 21:00:19,057:INFO:Copying data for preprocessing
2020-12-20 21:00:19,090:INFO:Declaring preprocessing parameters
2020-12-20 21:00:19,146:INFO:Creating preprocessing pipeline
2020-12-20 21:00:19,396:INFO:Preprocessing pipeline created successfully
2020-12-20 21:00:19,397:ERROR:(Process Exit): setup has been interupted with user command 'quit'. setup must rerun.
2020-12-20 21:00:19,398:INFO:Creating global containers
2020-12-20 21:00:19,399:INFO:Internal pipeline: Pipeline(memory=None, steps=[('empty_step', 'passthrough')], verbose=False)
2020-12-20 21:00:38,456:INFO:Creating grid variables
2020-12-20 21:00:38,480:INFO:create_model_container: 0
2020-12-20 21:00:38,481:INFO:master_model_container: 0
2020-12-20 21:00:38,482:INFO:display_container: 0
2020-12-20 21:00:38,488:INFO:Pipeline(memory=None,
         steps=[('dtypes',
                 DataTypes_Auto_infer(categorical_features=[],
                                      display_types=True, features_todrop=[],
                                      id_columns=[],
                                      ml_usecase='classification',
                                      numerical_features=[],
                                      target='event__offer completed',
                                      time_features=[])),
                ('imputer',
                 Simple_Imputer(categorical_strategy='not_available',
                                fill_value_categorical=None,
                                fill_value_numerical=Non...
                ('fix_perfect', Remove_100(target='event__offer completed')),
                ('clean_names', Clean_Colum_Names()),
                ('feature_select',
                 Advanced_Feature_Selection_Classic(ml_usecase='classification',
                                                    random_state=1962,
                                                    subclass='binary',
                                                    target='event__offer '
                                                           'completed',
                                                    top_features_to_pick=0.19999999999999996)),
                ('fix_multi', 'passthrough'), ('dfs', 'passthrough'),
                ('pca', 'passthrough')],
         verbose=False)
2020-12-20 21:00:38,489:INFO:setup() succesfully completed......................................
